2021-04-29 13:28:52 [scrapy.utils.log] INFO: Scrapy 2.4.1 started (bot: spider_pro)
2021-04-29 13:28:52 [scrapy.utils.log] INFO: Versions: lxml 4.6.2.0, libxml2 2.9.5, cssselect 1.1.0, parsel 1.6.0, w3lib 1.22.0, Twisted 20.3.0, Python 3.9.1 (tags/v3.9.1:1e5d33e, Dec  7 2020, 17:08:21) [MSC v.1927 64 bit (AMD64)], pyOpenSSL 20.0.0 (OpenSSL 1.1.1i  8 Dec 2020), cryptography 3.3.1, Platform Windows-10-10.0.18362-SP0
2021-04-29 13:28:52 [scrapy.crawler] INFO: Overridden settings:
{'BOT_NAME': 'spider_pro',
 'CONCURRENT_REQUESTS': 32,
 'CONCURRENT_REQUESTS_PER_IP': 5,
 'DEPTH_PRIORITY': 1,
 'DOWNLOAD_DELAY': 2,
 'DOWNLOAD_TIMEOUT': 10,
 'LOG_FILE': 'D:\\ztx_clone\\ztx_spider\\spider_pro\\logs/info_2021_04_29.log',
 'LOG_LEVEL': 'INFO',
 'NEWSPIDER_MODULE': 'spider_pro.spiders',
 'REACTOR_THREADPOOL_MAXSIZE': 20,
 'RETRY_HTTP_CODES': [500, 502, 503, 504, 522, 524, 408, 400, 403, 404],
 'RETRY_TIMES': 3,
 'SCHEDULER_DISK_QUEUE': 'scrapy.squeues.PickleFifoDiskQueue',
 'SCHEDULER_MEMORY_QUEUE': 'scrapy.squeues.FifoMemoryQueue',
 'SPIDER_MODULES': ['spider_pro.spiders'],
 'TELNETCONSOLE_ENABLED': False}
2021-04-29 13:28:52 [scrapy.middleware] INFO: Enabled extensions:
['scrapy.extensions.corestats.CoreStats', 'scrapy.extensions.logstats.LogStats']
2021-04-29 13:28:53 [scrapy.middleware] INFO: Enabled downloader middlewares:
['spider_pro.middlewares.ProxyMiddleware.ProxyMiddleware',
 'scrapy.downloadermiddlewares.httpauth.HttpAuthMiddleware',
 'spider_pro.middlewares.UrlDuplicateRemovalMiddleware.UrlDuplicateRemovalMiddleware',
 'scrapy.downloadermiddlewares.downloadtimeout.DownloadTimeoutMiddleware',
 'scrapy.downloadermiddlewares.defaultheaders.DefaultHeadersMiddleware',
 'scrapy.downloadermiddlewares.useragent.UserAgentMiddleware',
 'spider_pro.middlewares.UserAgentMiddleware.UserAgentMiddleware',
 'scrapy.downloadermiddlewares.retry.RetryMiddleware',
 'scrapy.downloadermiddlewares.redirect.MetaRefreshMiddleware',
 'scrapy.downloadermiddlewares.httpcompression.HttpCompressionMiddleware',
 'scrapy.downloadermiddlewares.redirect.RedirectMiddleware',
 'scrapy.downloadermiddlewares.cookies.CookiesMiddleware',
 'scrapy.downloadermiddlewares.httpproxy.HttpProxyMiddleware',
 'scrapy.downloadermiddlewares.stats.DownloaderStats']
2021-04-29 13:28:53 [scrapy.middleware] INFO: Enabled spider middlewares:
['scrapy.spidermiddlewares.httperror.HttpErrorMiddleware',
 'scrapy.spidermiddlewares.offsite.OffsiteMiddleware',
 'scrapy.spidermiddlewares.referer.RefererMiddleware',
 'scrapy.spidermiddlewares.urllength.UrlLengthMiddleware',
 'scrapy.spidermiddlewares.depth.DepthMiddleware']
2021-04-29 13:28:55 [scrapy.middleware] INFO: Enabled item pipelines:
['spider_pro.pipelines.pipelines_file.FilePipeline',
 'spider_pro.pipelines.pipelines_clean.CleanPipeline',
 'spider_pro.pipelines.pipelines_mysql.MysqlPipeline']
2021-04-29 13:28:55 [scrapy.core.engine] INFO: Spider opened
2021-04-29 13:28:55 [scrapy.extensions.logstats] INFO: Crawled 0 pages (at 0 pages/min), scraped 0 items (at 0 items/min)
2021-04-29 13:29:05 [ZJ_city_3316_zhuji_spider] INFO: 初始总数提取成功 total='2915' response.url='http://www.zhuji.gov.cn/module/jpage/dataproxy.jsp?startrecord=%7B%7D&endrecord=%7B%7D&perpage=40' None
2021-04-29 13:30:08 [scrapy.extensions.logstats] INFO: Crawled 7 pages (at 7 pages/min), scraped 0 items (at 0 items/min)
2021-04-29 13:30:55 [scrapy.extensions.logstats] INFO: Crawled 22 pages (at 15 pages/min), scraped 0 items (at 0 items/min)
2021-04-29 15:01:09 [scrapy.utils.log] INFO: Scrapy 2.4.1 started (bot: spider_pro)
2021-04-29 15:01:09 [scrapy.utils.log] INFO: Versions: lxml 4.6.2.0, libxml2 2.9.5, cssselect 1.1.0, parsel 1.6.0, w3lib 1.22.0, Twisted 20.3.0, Python 3.9.1 (tags/v3.9.1:1e5d33e, Dec  7 2020, 17:08:21) [MSC v.1927 64 bit (AMD64)], pyOpenSSL 20.0.0 (OpenSSL 1.1.1i  8 Dec 2020), cryptography 3.3.1, Platform Windows-10-10.0.18362-SP0
2021-04-29 15:01:09 [scrapy.crawler] INFO: Overridden settings:
{'BOT_NAME': 'spider_pro',
 'CONCURRENT_REQUESTS': 32,
 'CONCURRENT_REQUESTS_PER_IP': 5,
 'DEPTH_PRIORITY': 1,
 'DOWNLOAD_DELAY': 2,
 'DOWNLOAD_TIMEOUT': 10,
 'LOG_FILE': 'D:\\ztx_clone\\ztx_spider\\spider_pro\\logs/info_2021_04_29.log',
 'LOG_LEVEL': 'INFO',
 'NEWSPIDER_MODULE': 'spider_pro.spiders',
 'REACTOR_THREADPOOL_MAXSIZE': 20,
 'RETRY_HTTP_CODES': [500, 502, 503, 504, 522, 524, 408, 400, 403, 404],
 'RETRY_TIMES': 3,
 'SCHEDULER_DISK_QUEUE': 'scrapy.squeues.PickleFifoDiskQueue',
 'SCHEDULER_MEMORY_QUEUE': 'scrapy.squeues.FifoMemoryQueue',
 'SPIDER_MODULES': ['spider_pro.spiders'],
 'TELNETCONSOLE_ENABLED': False}
2021-04-29 15:01:09 [scrapy.middleware] INFO: Enabled extensions:
['scrapy.extensions.corestats.CoreStats', 'scrapy.extensions.logstats.LogStats']
2021-04-29 15:01:09 [scrapy.middleware] INFO: Enabled downloader middlewares:
['spider_pro.middlewares.ProxyMiddleware.ProxyMiddleware',
 'scrapy.downloadermiddlewares.httpauth.HttpAuthMiddleware',
 'spider_pro.middlewares.UrlDuplicateRemovalMiddleware.UrlDuplicateRemovalMiddleware',
 'scrapy.downloadermiddlewares.downloadtimeout.DownloadTimeoutMiddleware',
 'scrapy.downloadermiddlewares.defaultheaders.DefaultHeadersMiddleware',
 'scrapy.downloadermiddlewares.useragent.UserAgentMiddleware',
 'spider_pro.middlewares.UserAgentMiddleware.UserAgentMiddleware',
 'scrapy.downloadermiddlewares.retry.RetryMiddleware',
 'scrapy.downloadermiddlewares.redirect.MetaRefreshMiddleware',
 'scrapy.downloadermiddlewares.httpcompression.HttpCompressionMiddleware',
 'scrapy.downloadermiddlewares.redirect.RedirectMiddleware',
 'scrapy.downloadermiddlewares.cookies.CookiesMiddleware',
 'scrapy.downloadermiddlewares.httpproxy.HttpProxyMiddleware',
 'scrapy.downloadermiddlewares.stats.DownloaderStats']
2021-04-29 15:01:09 [scrapy.middleware] INFO: Enabled spider middlewares:
['scrapy.spidermiddlewares.httperror.HttpErrorMiddleware',
 'scrapy.spidermiddlewares.offsite.OffsiteMiddleware',
 'scrapy.spidermiddlewares.referer.RefererMiddleware',
 'scrapy.spidermiddlewares.urllength.UrlLengthMiddleware',
 'scrapy.spidermiddlewares.depth.DepthMiddleware']
2021-04-29 15:01:10 [scrapy.middleware] INFO: Enabled item pipelines:
['spider_pro.pipelines.pipelines_file.FilePipeline',
 'spider_pro.pipelines.pipelines_clean.CleanPipeline',
 'spider_pro.pipelines.pipelines_mysql.MysqlPipeline']
2021-04-29 15:01:10 [scrapy.core.engine] INFO: Spider opened
2021-04-29 15:01:10 [scrapy.extensions.logstats] INFO: Crawled 0 pages (at 0 pages/min), scraped 0 items (at 0 items/min)
2021-04-29 15:01:10 [ZJ_city_3316_zhuji_spider] INFO: 初始总数提取成功 total=None response.url='http://www.zhuji.gov.cn/module/jpage/dataproxy.jsp?startrecord=%7B%7D&endrecord=%7B%7D&perpage=40' None
2021-04-29 15:01:10 [ZJ_city_3316_zhuji_spider] ERROR: 发起数据请求失败 int() argument must be a string, a bytes-like object or a number, not 'NoneType' response.url='http://www.zhuji.gov.cn/module/jpage/dataproxy.jsp?startrecord=%7B%7D&endrecord=%7B%7D&perpage=40'
2021-04-29 15:01:10 [scrapy.core.engine] INFO: Closing spider (finished)
2021-04-29 15:01:10 [scrapy.statscollectors] INFO: Dumping Scrapy stats:
{'downloader/request_bytes': 610,
 'downloader/request_count': 1,
 'downloader/request_method_count/POST': 1,
 'downloader/response_bytes': 408,
 'downloader/response_count': 1,
 'downloader/response_status_count/200': 1,
 'elapsed_time_seconds': 0.178494,
 'finish_reason': 'finished',
 'finish_time': datetime.datetime(2021, 4, 29, 7, 1, 10, 977164),
 'log_count/ERROR': 1,
 'log_count/INFO': 9,
 'response_received_count': 1,
 'scheduler/dequeued': 1,
 'scheduler/dequeued/memory': 1,
 'scheduler/enqueued': 1,
 'scheduler/enqueued/memory': 1,
 'start_time': datetime.datetime(2021, 4, 29, 7, 1, 10, 798670)}
2021-04-29 15:01:10 [scrapy.core.engine] INFO: Spider closed (finished)
2021-04-29 15:02:26 [scrapy.utils.log] INFO: Scrapy 2.4.1 started (bot: spider_pro)
2021-04-29 15:02:26 [scrapy.utils.log] INFO: Versions: lxml 4.6.2.0, libxml2 2.9.5, cssselect 1.1.0, parsel 1.6.0, w3lib 1.22.0, Twisted 20.3.0, Python 3.9.1 (tags/v3.9.1:1e5d33e, Dec  7 2020, 17:08:21) [MSC v.1927 64 bit (AMD64)], pyOpenSSL 20.0.0 (OpenSSL 1.1.1i  8 Dec 2020), cryptography 3.3.1, Platform Windows-10-10.0.18362-SP0
2021-04-29 15:02:26 [scrapy.crawler] INFO: Overridden settings:
{'BOT_NAME': 'spider_pro',
 'CONCURRENT_REQUESTS': 32,
 'CONCURRENT_REQUESTS_PER_IP': 5,
 'DEPTH_PRIORITY': 1,
 'DOWNLOAD_DELAY': 2,
 'DOWNLOAD_TIMEOUT': 10,
 'LOG_FILE': 'D:\\ztx_clone\\ztx_spider\\spider_pro\\logs/info_2021_04_29.log',
 'LOG_LEVEL': 'INFO',
 'NEWSPIDER_MODULE': 'spider_pro.spiders',
 'REACTOR_THREADPOOL_MAXSIZE': 20,
 'RETRY_HTTP_CODES': [500, 502, 503, 504, 522, 524, 408, 400, 403, 404],
 'RETRY_TIMES': 3,
 'SCHEDULER_DISK_QUEUE': 'scrapy.squeues.PickleFifoDiskQueue',
 'SCHEDULER_MEMORY_QUEUE': 'scrapy.squeues.FifoMemoryQueue',
 'SPIDER_MODULES': ['spider_pro.spiders'],
 'TELNETCONSOLE_ENABLED': False}
2021-04-29 15:02:26 [scrapy.middleware] INFO: Enabled extensions:
['scrapy.extensions.corestats.CoreStats', 'scrapy.extensions.logstats.LogStats']
2021-04-29 15:02:27 [scrapy.middleware] INFO: Enabled downloader middlewares:
['spider_pro.middlewares.ProxyMiddleware.ProxyMiddleware',
 'scrapy.downloadermiddlewares.httpauth.HttpAuthMiddleware',
 'spider_pro.middlewares.UrlDuplicateRemovalMiddleware.UrlDuplicateRemovalMiddleware',
 'scrapy.downloadermiddlewares.downloadtimeout.DownloadTimeoutMiddleware',
 'scrapy.downloadermiddlewares.defaultheaders.DefaultHeadersMiddleware',
 'scrapy.downloadermiddlewares.useragent.UserAgentMiddleware',
 'spider_pro.middlewares.UserAgentMiddleware.UserAgentMiddleware',
 'scrapy.downloadermiddlewares.retry.RetryMiddleware',
 'scrapy.downloadermiddlewares.redirect.MetaRefreshMiddleware',
 'scrapy.downloadermiddlewares.httpcompression.HttpCompressionMiddleware',
 'scrapy.downloadermiddlewares.redirect.RedirectMiddleware',
 'scrapy.downloadermiddlewares.cookies.CookiesMiddleware',
 'scrapy.downloadermiddlewares.httpproxy.HttpProxyMiddleware',
 'scrapy.downloadermiddlewares.stats.DownloaderStats']
2021-04-29 15:02:27 [scrapy.middleware] INFO: Enabled spider middlewares:
['scrapy.spidermiddlewares.httperror.HttpErrorMiddleware',
 'scrapy.spidermiddlewares.offsite.OffsiteMiddleware',
 'scrapy.spidermiddlewares.referer.RefererMiddleware',
 'scrapy.spidermiddlewares.urllength.UrlLengthMiddleware',
 'scrapy.spidermiddlewares.depth.DepthMiddleware']
2021-04-29 15:02:28 [scrapy.middleware] INFO: Enabled item pipelines:
['spider_pro.pipelines.pipelines_file.FilePipeline',
 'spider_pro.pipelines.pipelines_clean.CleanPipeline',
 'spider_pro.pipelines.pipelines_mysql.MysqlPipeline']
2021-04-29 15:02:28 [scrapy.core.engine] INFO: Spider opened
2021-04-29 15:02:28 [scrapy.extensions.logstats] INFO: Crawled 0 pages (at 0 pages/min), scraped 0 items (at 0 items/min)
2021-04-29 15:02:40 [ZJ_city_3316_zhuji_spider] INFO: 初始总数提取成功 total='2915' response.url='http://www.zhuji.gov.cn/module/jpage/dataproxy.jsp?startrecord=%7B%7D&endrecord=%7B%7D&perpage=40' None
2021-04-29 15:03:28 [scrapy.extensions.logstats] INFO: Crawled 14 pages (at 14 pages/min), scraped 0 items (at 0 items/min)
2021-04-29 15:03:54 [scrapy.core.scraper] ERROR: Spider error processing <GET http://www.zhuji.gov.cn/art/2021/4/28/art_1388402_59041638.html> (referer: http://www.zhuji.gov.cn/module/jpage/dataproxy.jsp?startrecord=1&endrecord=120&perpage=40)
Traceback (most recent call last):
  File "C:\Users\PC\AppData\Local\Programs\Python\Python39\lib\site-packages\scrapy\utils\defer.py", line 120, in iter_errback
    yield next(it)
  File "C:\Users\PC\AppData\Local\Programs\Python\Python39\lib\site-packages\scrapy\utils\python.py", line 353, in __next__
    return next(self.data)
  File "C:\Users\PC\AppData\Local\Programs\Python\Python39\lib\site-packages\scrapy\utils\python.py", line 353, in __next__
    return next(self.data)
  File "C:\Users\PC\AppData\Local\Programs\Python\Python39\lib\site-packages\scrapy\core\spidermw.py", line 62, in _evaluate_iterable
    for r in iterable:
  File "C:\Users\PC\AppData\Local\Programs\Python\Python39\lib\site-packages\scrapy\spidermiddlewares\offsite.py", line 29, in process_spider_output
    for x in result:
  File "C:\Users\PC\AppData\Local\Programs\Python\Python39\lib\site-packages\scrapy\core\spidermw.py", line 62, in _evaluate_iterable
    for r in iterable:
  File "C:\Users\PC\AppData\Local\Programs\Python\Python39\lib\site-packages\scrapy\spidermiddlewares\referer.py", line 340, in <genexpr>
    return (_set_referer(r) for r in result or ())
  File "C:\Users\PC\AppData\Local\Programs\Python\Python39\lib\site-packages\scrapy\core\spidermw.py", line 62, in _evaluate_iterable
    for r in iterable:
  File "C:\Users\PC\AppData\Local\Programs\Python\Python39\lib\site-packages\scrapy\spidermiddlewares\urllength.py", line 37, in <genexpr>
    return (r for r in result or () if _filter(r))
  File "C:\Users\PC\AppData\Local\Programs\Python\Python39\lib\site-packages\scrapy\core\spidermw.py", line 62, in _evaluate_iterable
    for r in iterable:
  File "C:\Users\PC\AppData\Local\Programs\Python\Python39\lib\site-packages\scrapy\spidermiddlewares\depth.py", line 58, in <genexpr>
    return (r for r in result or () if _filter(r))
  File "C:\Users\PC\AppData\Local\Programs\Python\Python39\lib\site-packages\scrapy\core\spidermw.py", line 62, in _evaluate_iterable
    for r in iterable:
  File "D:\ztx_clone\ztx_spider\spider_pro\spiders\ZJ_city_3316_zhuji_spider.py", line 255, in parse_item
    doc = etree.HTML(content)
  File "src\lxml\etree.pyx", line 3185, in lxml.etree.HTML
  File "src\lxml\parser.pxi", line 1895, in lxml.etree._parseMemoryDocument
ValueError: can only parse strings
2021-04-29 15:03:57 [scrapy.core.scraper] ERROR: Spider error processing <GET http://www.zhuji.gov.cn/art/2021/4/27/art_1388402_59041515.html> (referer: http://www.zhuji.gov.cn/module/jpage/dataproxy.jsp?startrecord=1&endrecord=120&perpage=40)
Traceback (most recent call last):
  File "C:\Users\PC\AppData\Local\Programs\Python\Python39\lib\site-packages\scrapy\utils\defer.py", line 120, in iter_errback
    yield next(it)
  File "C:\Users\PC\AppData\Local\Programs\Python\Python39\lib\site-packages\scrapy\utils\python.py", line 353, in __next__
    return next(self.data)
  File "C:\Users\PC\AppData\Local\Programs\Python\Python39\lib\site-packages\scrapy\utils\python.py", line 353, in __next__
    return next(self.data)
  File "C:\Users\PC\AppData\Local\Programs\Python\Python39\lib\site-packages\scrapy\core\spidermw.py", line 62, in _evaluate_iterable
    for r in iterable:
  File "C:\Users\PC\AppData\Local\Programs\Python\Python39\lib\site-packages\scrapy\spidermiddlewares\offsite.py", line 29, in process_spider_output
    for x in result:
  File "C:\Users\PC\AppData\Local\Programs\Python\Python39\lib\site-packages\scrapy\core\spidermw.py", line 62, in _evaluate_iterable
    for r in iterable:
  File "C:\Users\PC\AppData\Local\Programs\Python\Python39\lib\site-packages\scrapy\spidermiddlewares\referer.py", line 340, in <genexpr>
    return (_set_referer(r) for r in result or ())
  File "C:\Users\PC\AppData\Local\Programs\Python\Python39\lib\site-packages\scrapy\core\spidermw.py", line 62, in _evaluate_iterable
    for r in iterable:
  File "C:\Users\PC\AppData\Local\Programs\Python\Python39\lib\site-packages\scrapy\spidermiddlewares\urllength.py", line 37, in <genexpr>
    return (r for r in result or () if _filter(r))
  File "C:\Users\PC\AppData\Local\Programs\Python\Python39\lib\site-packages\scrapy\core\spidermw.py", line 62, in _evaluate_iterable
    for r in iterable:
  File "C:\Users\PC\AppData\Local\Programs\Python\Python39\lib\site-packages\scrapy\spidermiddlewares\depth.py", line 58, in <genexpr>
    return (r for r in result or () if _filter(r))
  File "C:\Users\PC\AppData\Local\Programs\Python\Python39\lib\site-packages\scrapy\core\spidermw.py", line 62, in _evaluate_iterable
    for r in iterable:
  File "D:\ztx_clone\ztx_spider\spider_pro\spiders\ZJ_city_3316_zhuji_spider.py", line 255, in parse_item
    doc = etree.HTML(content)
  File "src\lxml\etree.pyx", line 3185, in lxml.etree.HTML
  File "src\lxml\parser.pxi", line 1895, in lxml.etree._parseMemoryDocument
ValueError: can only parse strings
2021-04-29 15:03:59 [scrapy.core.scraper] ERROR: Spider error processing <GET http://www.zhuji.gov.cn/art/2021/4/27/art_1388402_59041516.html> (referer: http://www.zhuji.gov.cn/module/jpage/dataproxy.jsp?startrecord=1&endrecord=120&perpage=40)
Traceback (most recent call last):
  File "C:\Users\PC\AppData\Local\Programs\Python\Python39\lib\site-packages\scrapy\utils\defer.py", line 120, in iter_errback
    yield next(it)
  File "C:\Users\PC\AppData\Local\Programs\Python\Python39\lib\site-packages\scrapy\utils\python.py", line 353, in __next__
    return next(self.data)
  File "C:\Users\PC\AppData\Local\Programs\Python\Python39\lib\site-packages\scrapy\utils\python.py", line 353, in __next__
    return next(self.data)
  File "C:\Users\PC\AppData\Local\Programs\Python\Python39\lib\site-packages\scrapy\core\spidermw.py", line 62, in _evaluate_iterable
    for r in iterable:
  File "C:\Users\PC\AppData\Local\Programs\Python\Python39\lib\site-packages\scrapy\spidermiddlewares\offsite.py", line 29, in process_spider_output
    for x in result:
  File "C:\Users\PC\AppData\Local\Programs\Python\Python39\lib\site-packages\scrapy\core\spidermw.py", line 62, in _evaluate_iterable
    for r in iterable:
  File "C:\Users\PC\AppData\Local\Programs\Python\Python39\lib\site-packages\scrapy\spidermiddlewares\referer.py", line 340, in <genexpr>
    return (_set_referer(r) for r in result or ())
  File "C:\Users\PC\AppData\Local\Programs\Python\Python39\lib\site-packages\scrapy\core\spidermw.py", line 62, in _evaluate_iterable
    for r in iterable:
  File "C:\Users\PC\AppData\Local\Programs\Python\Python39\lib\site-packages\scrapy\spidermiddlewares\urllength.py", line 37, in <genexpr>
    return (r for r in result or () if _filter(r))
  File "C:\Users\PC\AppData\Local\Programs\Python\Python39\lib\site-packages\scrapy\core\spidermw.py", line 62, in _evaluate_iterable
    for r in iterable:
  File "C:\Users\PC\AppData\Local\Programs\Python\Python39\lib\site-packages\scrapy\spidermiddlewares\depth.py", line 58, in <genexpr>
    return (r for r in result or () if _filter(r))
  File "C:\Users\PC\AppData\Local\Programs\Python\Python39\lib\site-packages\scrapy\core\spidermw.py", line 62, in _evaluate_iterable
    for r in iterable:
  File "D:\ztx_clone\ztx_spider\spider_pro\spiders\ZJ_city_3316_zhuji_spider.py", line 255, in parse_item
    doc = etree.HTML(content)
  File "src\lxml\etree.pyx", line 3185, in lxml.etree.HTML
  File "src\lxml\parser.pxi", line 1895, in lxml.etree._parseMemoryDocument
ValueError: can only parse strings
2021-04-29 15:04:01 [scrapy.core.scraper] ERROR: Spider error processing <GET http://www.zhuji.gov.cn/art/2021/4/27/art_1388402_59041509.html> (referer: http://www.zhuji.gov.cn/module/jpage/dataproxy.jsp?startrecord=1&endrecord=120&perpage=40)
Traceback (most recent call last):
  File "C:\Users\PC\AppData\Local\Programs\Python\Python39\lib\site-packages\scrapy\utils\defer.py", line 120, in iter_errback
    yield next(it)
  File "C:\Users\PC\AppData\Local\Programs\Python\Python39\lib\site-packages\scrapy\utils\python.py", line 353, in __next__
    return next(self.data)
  File "C:\Users\PC\AppData\Local\Programs\Python\Python39\lib\site-packages\scrapy\utils\python.py", line 353, in __next__
    return next(self.data)
  File "C:\Users\PC\AppData\Local\Programs\Python\Python39\lib\site-packages\scrapy\core\spidermw.py", line 62, in _evaluate_iterable
    for r in iterable:
  File "C:\Users\PC\AppData\Local\Programs\Python\Python39\lib\site-packages\scrapy\spidermiddlewares\offsite.py", line 29, in process_spider_output
    for x in result:
  File "C:\Users\PC\AppData\Local\Programs\Python\Python39\lib\site-packages\scrapy\core\spidermw.py", line 62, in _evaluate_iterable
    for r in iterable:
  File "C:\Users\PC\AppData\Local\Programs\Python\Python39\lib\site-packages\scrapy\spidermiddlewares\referer.py", line 340, in <genexpr>
    return (_set_referer(r) for r in result or ())
  File "C:\Users\PC\AppData\Local\Programs\Python\Python39\lib\site-packages\scrapy\core\spidermw.py", line 62, in _evaluate_iterable
    for r in iterable:
  File "C:\Users\PC\AppData\Local\Programs\Python\Python39\lib\site-packages\scrapy\spidermiddlewares\urllength.py", line 37, in <genexpr>
    return (r for r in result or () if _filter(r))
  File "C:\Users\PC\AppData\Local\Programs\Python\Python39\lib\site-packages\scrapy\core\spidermw.py", line 62, in _evaluate_iterable
    for r in iterable:
  File "C:\Users\PC\AppData\Local\Programs\Python\Python39\lib\site-packages\scrapy\spidermiddlewares\depth.py", line 58, in <genexpr>
    return (r for r in result or () if _filter(r))
  File "C:\Users\PC\AppData\Local\Programs\Python\Python39\lib\site-packages\scrapy\core\spidermw.py", line 62, in _evaluate_iterable
    for r in iterable:
  File "D:\ztx_clone\ztx_spider\spider_pro\spiders\ZJ_city_3316_zhuji_spider.py", line 255, in parse_item
    doc = etree.HTML(content)
  File "src\lxml\etree.pyx", line 3185, in lxml.etree.HTML
  File "src\lxml\parser.pxi", line 1895, in lxml.etree._parseMemoryDocument
ValueError: can only parse strings
2021-04-29 15:04:03 [scrapy.core.scraper] ERROR: Spider error processing <GET http://www.zhuji.gov.cn/art/2021/4/27/art_1388402_59041498.html> (referer: http://www.zhuji.gov.cn/module/jpage/dataproxy.jsp?startrecord=1&endrecord=120&perpage=40)
Traceback (most recent call last):
  File "C:\Users\PC\AppData\Local\Programs\Python\Python39\lib\site-packages\scrapy\utils\defer.py", line 120, in iter_errback
    yield next(it)
  File "C:\Users\PC\AppData\Local\Programs\Python\Python39\lib\site-packages\scrapy\utils\python.py", line 353, in __next__
    return next(self.data)
  File "C:\Users\PC\AppData\Local\Programs\Python\Python39\lib\site-packages\scrapy\utils\python.py", line 353, in __next__
    return next(self.data)
  File "C:\Users\PC\AppData\Local\Programs\Python\Python39\lib\site-packages\scrapy\core\spidermw.py", line 62, in _evaluate_iterable
    for r in iterable:
  File "C:\Users\PC\AppData\Local\Programs\Python\Python39\lib\site-packages\scrapy\spidermiddlewares\offsite.py", line 29, in process_spider_output
    for x in result:
  File "C:\Users\PC\AppData\Local\Programs\Python\Python39\lib\site-packages\scrapy\core\spidermw.py", line 62, in _evaluate_iterable
    for r in iterable:
  File "C:\Users\PC\AppData\Local\Programs\Python\Python39\lib\site-packages\scrapy\spidermiddlewares\referer.py", line 340, in <genexpr>
    return (_set_referer(r) for r in result or ())
  File "C:\Users\PC\AppData\Local\Programs\Python\Python39\lib\site-packages\scrapy\core\spidermw.py", line 62, in _evaluate_iterable
    for r in iterable:
  File "C:\Users\PC\AppData\Local\Programs\Python\Python39\lib\site-packages\scrapy\spidermiddlewares\urllength.py", line 37, in <genexpr>
    return (r for r in result or () if _filter(r))
  File "C:\Users\PC\AppData\Local\Programs\Python\Python39\lib\site-packages\scrapy\core\spidermw.py", line 62, in _evaluate_iterable
    for r in iterable:
  File "C:\Users\PC\AppData\Local\Programs\Python\Python39\lib\site-packages\scrapy\spidermiddlewares\depth.py", line 58, in <genexpr>
    return (r for r in result or () if _filter(r))
  File "C:\Users\PC\AppData\Local\Programs\Python\Python39\lib\site-packages\scrapy\core\spidermw.py", line 62, in _evaluate_iterable
    for r in iterable:
  File "D:\ztx_clone\ztx_spider\spider_pro\spiders\ZJ_city_3316_zhuji_spider.py", line 255, in parse_item
    doc = etree.HTML(content)
  File "src\lxml\etree.pyx", line 3185, in lxml.etree.HTML
  File "src\lxml\parser.pxi", line 1895, in lxml.etree._parseMemoryDocument
ValueError: can only parse strings
2021-04-29 15:04:06 [scrapy.core.scraper] ERROR: Spider error processing <GET http://www.zhuji.gov.cn/art/2021/4/25/art_1388402_59041341.html> (referer: http://www.zhuji.gov.cn/module/jpage/dataproxy.jsp?startrecord=1&endrecord=120&perpage=40)
Traceback (most recent call last):
  File "C:\Users\PC\AppData\Local\Programs\Python\Python39\lib\site-packages\scrapy\utils\defer.py", line 120, in iter_errback
    yield next(it)
  File "C:\Users\PC\AppData\Local\Programs\Python\Python39\lib\site-packages\scrapy\utils\python.py", line 353, in __next__
    return next(self.data)
  File "C:\Users\PC\AppData\Local\Programs\Python\Python39\lib\site-packages\scrapy\utils\python.py", line 353, in __next__
    return next(self.data)
  File "C:\Users\PC\AppData\Local\Programs\Python\Python39\lib\site-packages\scrapy\core\spidermw.py", line 62, in _evaluate_iterable
    for r in iterable:
  File "C:\Users\PC\AppData\Local\Programs\Python\Python39\lib\site-packages\scrapy\spidermiddlewares\offsite.py", line 29, in process_spider_output
    for x in result:
  File "C:\Users\PC\AppData\Local\Programs\Python\Python39\lib\site-packages\scrapy\core\spidermw.py", line 62, in _evaluate_iterable
    for r in iterable:
  File "C:\Users\PC\AppData\Local\Programs\Python\Python39\lib\site-packages\scrapy\spidermiddlewares\referer.py", line 340, in <genexpr>
    return (_set_referer(r) for r in result or ())
  File "C:\Users\PC\AppData\Local\Programs\Python\Python39\lib\site-packages\scrapy\core\spidermw.py", line 62, in _evaluate_iterable
    for r in iterable:
  File "C:\Users\PC\AppData\Local\Programs\Python\Python39\lib\site-packages\scrapy\spidermiddlewares\urllength.py", line 37, in <genexpr>
    return (r for r in result or () if _filter(r))
  File "C:\Users\PC\AppData\Local\Programs\Python\Python39\lib\site-packages\scrapy\core\spidermw.py", line 62, in _evaluate_iterable
    for r in iterable:
  File "C:\Users\PC\AppData\Local\Programs\Python\Python39\lib\site-packages\scrapy\spidermiddlewares\depth.py", line 58, in <genexpr>
    return (r for r in result or () if _filter(r))
  File "C:\Users\PC\AppData\Local\Programs\Python\Python39\lib\site-packages\scrapy\core\spidermw.py", line 62, in _evaluate_iterable
    for r in iterable:
  File "D:\ztx_clone\ztx_spider\spider_pro\spiders\ZJ_city_3316_zhuji_spider.py", line 255, in parse_item
    doc = etree.HTML(content)
  File "src\lxml\etree.pyx", line 3185, in lxml.etree.HTML
  File "src\lxml\parser.pxi", line 1895, in lxml.etree._parseMemoryDocument
ValueError: can only parse strings
2021-04-29 15:04:09 [scrapy.core.scraper] ERROR: Spider error processing <GET http://www.zhuji.gov.cn/art/2021/4/25/art_1388402_59041343.html> (referer: http://www.zhuji.gov.cn/module/jpage/dataproxy.jsp?startrecord=1&endrecord=120&perpage=40)
Traceback (most recent call last):
  File "C:\Users\PC\AppData\Local\Programs\Python\Python39\lib\site-packages\scrapy\utils\defer.py", line 120, in iter_errback
    yield next(it)
  File "C:\Users\PC\AppData\Local\Programs\Python\Python39\lib\site-packages\scrapy\utils\python.py", line 353, in __next__
    return next(self.data)
  File "C:\Users\PC\AppData\Local\Programs\Python\Python39\lib\site-packages\scrapy\utils\python.py", line 353, in __next__
    return next(self.data)
  File "C:\Users\PC\AppData\Local\Programs\Python\Python39\lib\site-packages\scrapy\core\spidermw.py", line 62, in _evaluate_iterable
    for r in iterable:
  File "C:\Users\PC\AppData\Local\Programs\Python\Python39\lib\site-packages\scrapy\spidermiddlewares\offsite.py", line 29, in process_spider_output
    for x in result:
  File "C:\Users\PC\AppData\Local\Programs\Python\Python39\lib\site-packages\scrapy\core\spidermw.py", line 62, in _evaluate_iterable
    for r in iterable:
  File "C:\Users\PC\AppData\Local\Programs\Python\Python39\lib\site-packages\scrapy\spidermiddlewares\referer.py", line 340, in <genexpr>
    return (_set_referer(r) for r in result or ())
  File "C:\Users\PC\AppData\Local\Programs\Python\Python39\lib\site-packages\scrapy\core\spidermw.py", line 62, in _evaluate_iterable
    for r in iterable:
  File "C:\Users\PC\AppData\Local\Programs\Python\Python39\lib\site-packages\scrapy\spidermiddlewares\urllength.py", line 37, in <genexpr>
    return (r for r in result or () if _filter(r))
  File "C:\Users\PC\AppData\Local\Programs\Python\Python39\lib\site-packages\scrapy\core\spidermw.py", line 62, in _evaluate_iterable
    for r in iterable:
  File "C:\Users\PC\AppData\Local\Programs\Python\Python39\lib\site-packages\scrapy\spidermiddlewares\depth.py", line 58, in <genexpr>
    return (r for r in result or () if _filter(r))
  File "C:\Users\PC\AppData\Local\Programs\Python\Python39\lib\site-packages\scrapy\core\spidermw.py", line 62, in _evaluate_iterable
    for r in iterable:
  File "D:\ztx_clone\ztx_spider\spider_pro\spiders\ZJ_city_3316_zhuji_spider.py", line 255, in parse_item
    doc = etree.HTML(content)
  File "src\lxml\etree.pyx", line 3185, in lxml.etree.HTML
  File "src\lxml\parser.pxi", line 1895, in lxml.etree._parseMemoryDocument
ValueError: can only parse strings
2021-04-29 15:04:12 [scrapy.core.scraper] ERROR: Spider error processing <GET http://www.zhuji.gov.cn/art/2021/4/23/art_1388402_59041205.html> (referer: http://www.zhuji.gov.cn/module/jpage/dataproxy.jsp?startrecord=1&endrecord=120&perpage=40)
Traceback (most recent call last):
  File "C:\Users\PC\AppData\Local\Programs\Python\Python39\lib\site-packages\scrapy\utils\defer.py", line 120, in iter_errback
    yield next(it)
  File "C:\Users\PC\AppData\Local\Programs\Python\Python39\lib\site-packages\scrapy\utils\python.py", line 353, in __next__
    return next(self.data)
  File "C:\Users\PC\AppData\Local\Programs\Python\Python39\lib\site-packages\scrapy\utils\python.py", line 353, in __next__
    return next(self.data)
  File "C:\Users\PC\AppData\Local\Programs\Python\Python39\lib\site-packages\scrapy\core\spidermw.py", line 62, in _evaluate_iterable
    for r in iterable:
  File "C:\Users\PC\AppData\Local\Programs\Python\Python39\lib\site-packages\scrapy\spidermiddlewares\offsite.py", line 29, in process_spider_output
    for x in result:
  File "C:\Users\PC\AppData\Local\Programs\Python\Python39\lib\site-packages\scrapy\core\spidermw.py", line 62, in _evaluate_iterable
    for r in iterable:
  File "C:\Users\PC\AppData\Local\Programs\Python\Python39\lib\site-packages\scrapy\spidermiddlewares\referer.py", line 340, in <genexpr>
    return (_set_referer(r) for r in result or ())
  File "C:\Users\PC\AppData\Local\Programs\Python\Python39\lib\site-packages\scrapy\core\spidermw.py", line 62, in _evaluate_iterable
    for r in iterable:
  File "C:\Users\PC\AppData\Local\Programs\Python\Python39\lib\site-packages\scrapy\spidermiddlewares\urllength.py", line 37, in <genexpr>
    return (r for r in result or () if _filter(r))
  File "C:\Users\PC\AppData\Local\Programs\Python\Python39\lib\site-packages\scrapy\core\spidermw.py", line 62, in _evaluate_iterable
    for r in iterable:
  File "C:\Users\PC\AppData\Local\Programs\Python\Python39\lib\site-packages\scrapy\spidermiddlewares\depth.py", line 58, in <genexpr>
    return (r for r in result or () if _filter(r))
  File "C:\Users\PC\AppData\Local\Programs\Python\Python39\lib\site-packages\scrapy\core\spidermw.py", line 62, in _evaluate_iterable
    for r in iterable:
  File "D:\ztx_clone\ztx_spider\spider_pro\spiders\ZJ_city_3316_zhuji_spider.py", line 255, in parse_item
    doc = etree.HTML(content)
  File "src\lxml\etree.pyx", line 3185, in lxml.etree.HTML
  File "src\lxml\parser.pxi", line 1895, in lxml.etree._parseMemoryDocument
ValueError: can only parse strings
2021-04-29 15:04:14 [scrapy.core.scraper] ERROR: Spider error processing <GET http://www.zhuji.gov.cn/art/2021/4/23/art_1388402_59041207.html> (referer: http://www.zhuji.gov.cn/module/jpage/dataproxy.jsp?startrecord=1&endrecord=120&perpage=40)
Traceback (most recent call last):
  File "C:\Users\PC\AppData\Local\Programs\Python\Python39\lib\site-packages\scrapy\utils\defer.py", line 120, in iter_errback
    yield next(it)
  File "C:\Users\PC\AppData\Local\Programs\Python\Python39\lib\site-packages\scrapy\utils\python.py", line 353, in __next__
    return next(self.data)
  File "C:\Users\PC\AppData\Local\Programs\Python\Python39\lib\site-packages\scrapy\utils\python.py", line 353, in __next__
    return next(self.data)
  File "C:\Users\PC\AppData\Local\Programs\Python\Python39\lib\site-packages\scrapy\core\spidermw.py", line 62, in _evaluate_iterable
    for r in iterable:
  File "C:\Users\PC\AppData\Local\Programs\Python\Python39\lib\site-packages\scrapy\spidermiddlewares\offsite.py", line 29, in process_spider_output
    for x in result:
  File "C:\Users\PC\AppData\Local\Programs\Python\Python39\lib\site-packages\scrapy\core\spidermw.py", line 62, in _evaluate_iterable
    for r in iterable:
  File "C:\Users\PC\AppData\Local\Programs\Python\Python39\lib\site-packages\scrapy\spidermiddlewares\referer.py", line 340, in <genexpr>
    return (_set_referer(r) for r in result or ())
  File "C:\Users\PC\AppData\Local\Programs\Python\Python39\lib\site-packages\scrapy\core\spidermw.py", line 62, in _evaluate_iterable
    for r in iterable:
  File "C:\Users\PC\AppData\Local\Programs\Python\Python39\lib\site-packages\scrapy\spidermiddlewares\urllength.py", line 37, in <genexpr>
    return (r for r in result or () if _filter(r))
  File "C:\Users\PC\AppData\Local\Programs\Python\Python39\lib\site-packages\scrapy\core\spidermw.py", line 62, in _evaluate_iterable
    for r in iterable:
  File "C:\Users\PC\AppData\Local\Programs\Python\Python39\lib\site-packages\scrapy\spidermiddlewares\depth.py", line 58, in <genexpr>
    return (r for r in result or () if _filter(r))
  File "C:\Users\PC\AppData\Local\Programs\Python\Python39\lib\site-packages\scrapy\core\spidermw.py", line 62, in _evaluate_iterable
    for r in iterable:
  File "D:\ztx_clone\ztx_spider\spider_pro\spiders\ZJ_city_3316_zhuji_spider.py", line 255, in parse_item
    doc = etree.HTML(content)
  File "src\lxml\etree.pyx", line 3185, in lxml.etree.HTML
  File "src\lxml\parser.pxi", line 1895, in lxml.etree._parseMemoryDocument
ValueError: can only parse strings
2021-04-29 15:05:00 [scrapy.core.scraper] ERROR: Spider error processing <GET http://www.zhuji.gov.cn/art/2021/4/23/art_1388402_59041174.html> (referer: http://www.zhuji.gov.cn/module/jpage/dataproxy.jsp?startrecord=1&endrecord=120&perpage=40)
Traceback (most recent call last):
  File "C:\Users\PC\AppData\Local\Programs\Python\Python39\lib\site-packages\scrapy\utils\defer.py", line 120, in iter_errback
    yield next(it)
  File "C:\Users\PC\AppData\Local\Programs\Python\Python39\lib\site-packages\scrapy\utils\python.py", line 353, in __next__
    return next(self.data)
  File "C:\Users\PC\AppData\Local\Programs\Python\Python39\lib\site-packages\scrapy\utils\python.py", line 353, in __next__
    return next(self.data)
  File "C:\Users\PC\AppData\Local\Programs\Python\Python39\lib\site-packages\scrapy\core\spidermw.py", line 62, in _evaluate_iterable
    for r in iterable:
  File "C:\Users\PC\AppData\Local\Programs\Python\Python39\lib\site-packages\scrapy\spidermiddlewares\offsite.py", line 29, in process_spider_output
    for x in result:
  File "C:\Users\PC\AppData\Local\Programs\Python\Python39\lib\site-packages\scrapy\core\spidermw.py", line 62, in _evaluate_iterable
    for r in iterable:
  File "C:\Users\PC\AppData\Local\Programs\Python\Python39\lib\site-packages\scrapy\spidermiddlewares\referer.py", line 340, in <genexpr>
    return (_set_referer(r) for r in result or ())
  File "C:\Users\PC\AppData\Local\Programs\Python\Python39\lib\site-packages\scrapy\core\spidermw.py", line 62, in _evaluate_iterable
    for r in iterable:
  File "C:\Users\PC\AppData\Local\Programs\Python\Python39\lib\site-packages\scrapy\spidermiddlewares\urllength.py", line 37, in <genexpr>
    return (r for r in result or () if _filter(r))
  File "C:\Users\PC\AppData\Local\Programs\Python\Python39\lib\site-packages\scrapy\core\spidermw.py", line 62, in _evaluate_iterable
    for r in iterable:
  File "C:\Users\PC\AppData\Local\Programs\Python\Python39\lib\site-packages\scrapy\spidermiddlewares\depth.py", line 58, in <genexpr>
    return (r for r in result or () if _filter(r))
  File "C:\Users\PC\AppData\Local\Programs\Python\Python39\lib\site-packages\scrapy\core\spidermw.py", line 62, in _evaluate_iterable
    for r in iterable:
  File "D:\ztx_clone\ztx_spider\spider_pro\spiders\ZJ_city_3316_zhuji_spider.py", line 255, in parse_item
    doc = etree.HTML(content)
  File "src\lxml\etree.pyx", line 3185, in lxml.etree.HTML
  File "src\lxml\parser.pxi", line 1895, in lxml.etree._parseMemoryDocument
ValueError: can only parse strings
2021-04-29 15:05:00 [scrapy.extensions.logstats] INFO: Crawled 36 pages (at 22 pages/min), scraped 0 items (at 0 items/min)
2021-04-29 15:05:19 [scrapy.utils.log] INFO: Scrapy 2.4.1 started (bot: spider_pro)
2021-04-29 15:05:19 [scrapy.utils.log] INFO: Versions: lxml 4.6.2.0, libxml2 2.9.5, cssselect 1.1.0, parsel 1.6.0, w3lib 1.22.0, Twisted 20.3.0, Python 3.9.1 (tags/v3.9.1:1e5d33e, Dec  7 2020, 17:08:21) [MSC v.1927 64 bit (AMD64)], pyOpenSSL 20.0.0 (OpenSSL 1.1.1i  8 Dec 2020), cryptography 3.3.1, Platform Windows-10-10.0.18362-SP0
2021-04-29 15:05:19 [scrapy.crawler] INFO: Overridden settings:
{'BOT_NAME': 'spider_pro',
 'CONCURRENT_REQUESTS': 32,
 'CONCURRENT_REQUESTS_PER_IP': 5,
 'DEPTH_PRIORITY': 1,
 'DOWNLOAD_DELAY': 2,
 'DOWNLOAD_TIMEOUT': 10,
 'LOG_FILE': 'D:\\ztx_clone\\ztx_spider\\spider_pro\\logs/info_2021_04_29.log',
 'LOG_LEVEL': 'INFO',
 'NEWSPIDER_MODULE': 'spider_pro.spiders',
 'REACTOR_THREADPOOL_MAXSIZE': 20,
 'RETRY_HTTP_CODES': [500, 502, 503, 504, 522, 524, 408, 400, 403, 404],
 'RETRY_TIMES': 3,
 'SCHEDULER_DISK_QUEUE': 'scrapy.squeues.PickleFifoDiskQueue',
 'SCHEDULER_MEMORY_QUEUE': 'scrapy.squeues.FifoMemoryQueue',
 'SPIDER_MODULES': ['spider_pro.spiders'],
 'TELNETCONSOLE_ENABLED': False}
2021-04-29 15:05:19 [scrapy.middleware] INFO: Enabled extensions:
['scrapy.extensions.corestats.CoreStats', 'scrapy.extensions.logstats.LogStats']
2021-04-29 15:05:20 [scrapy.middleware] INFO: Enabled downloader middlewares:
['spider_pro.middlewares.ProxyMiddleware.ProxyMiddleware',
 'scrapy.downloadermiddlewares.httpauth.HttpAuthMiddleware',
 'spider_pro.middlewares.UrlDuplicateRemovalMiddleware.UrlDuplicateRemovalMiddleware',
 'scrapy.downloadermiddlewares.downloadtimeout.DownloadTimeoutMiddleware',
 'scrapy.downloadermiddlewares.defaultheaders.DefaultHeadersMiddleware',
 'scrapy.downloadermiddlewares.useragent.UserAgentMiddleware',
 'spider_pro.middlewares.UserAgentMiddleware.UserAgentMiddleware',
 'scrapy.downloadermiddlewares.retry.RetryMiddleware',
 'scrapy.downloadermiddlewares.redirect.MetaRefreshMiddleware',
 'scrapy.downloadermiddlewares.httpcompression.HttpCompressionMiddleware',
 'scrapy.downloadermiddlewares.redirect.RedirectMiddleware',
 'scrapy.downloadermiddlewares.cookies.CookiesMiddleware',
 'scrapy.downloadermiddlewares.httpproxy.HttpProxyMiddleware',
 'scrapy.downloadermiddlewares.stats.DownloaderStats']
2021-04-29 15:05:20 [scrapy.middleware] INFO: Enabled spider middlewares:
['scrapy.spidermiddlewares.httperror.HttpErrorMiddleware',
 'scrapy.spidermiddlewares.offsite.OffsiteMiddleware',
 'scrapy.spidermiddlewares.referer.RefererMiddleware',
 'scrapy.spidermiddlewares.urllength.UrlLengthMiddleware',
 'scrapy.spidermiddlewares.depth.DepthMiddleware']
2021-04-29 15:05:21 [scrapy.middleware] INFO: Enabled item pipelines:
['spider_pro.pipelines.pipelines_file.FilePipeline',
 'spider_pro.pipelines.pipelines_clean.CleanPipeline',
 'spider_pro.pipelines.pipelines_mysql.MysqlPipeline']
2021-04-29 15:05:21 [scrapy.core.engine] INFO: Spider opened
2021-04-29 15:05:21 [scrapy.extensions.logstats] INFO: Crawled 0 pages (at 0 pages/min), scraped 0 items (at 0 items/min)
2021-04-29 15:05:26 [ZJ_city_3316_zhuji_spider] INFO: 初始总数提取成功 total='2915' response.url='http://www.zhuji.gov.cn/module/jpage/dataproxy.jsp?startrecord=%7B%7D&endrecord=%7B%7D&perpage=40' None
2021-04-29 15:06:21 [scrapy.extensions.logstats] INFO: Crawled 22 pages (at 22 pages/min), scraped 0 items (at 0 items/min)
2021-04-29 15:08:06 [scrapy.core.scraper] ERROR: Spider error processing <GET http://www.zhuji.gov.cn/art/2021/4/28/art_1388402_59041638.html> (referer: http://www.zhuji.gov.cn/module/jpage/dataproxy.jsp?startrecord=1&endrecord=120&perpage=40)
Traceback (most recent call last):
  File "C:\Users\PC\AppData\Local\Programs\Python\Python39\lib\site-packages\scrapy\utils\defer.py", line 120, in iter_errback
    yield next(it)
  File "C:\Users\PC\AppData\Local\Programs\Python\Python39\lib\site-packages\scrapy\utils\python.py", line 353, in __next__
    return next(self.data)
  File "C:\Users\PC\AppData\Local\Programs\Python\Python39\lib\site-packages\scrapy\utils\python.py", line 353, in __next__
    return next(self.data)
  File "C:\Users\PC\AppData\Local\Programs\Python\Python39\lib\site-packages\scrapy\core\spidermw.py", line 62, in _evaluate_iterable
    for r in iterable:
  File "C:\Users\PC\AppData\Local\Programs\Python\Python39\lib\site-packages\scrapy\spidermiddlewares\offsite.py", line 29, in process_spider_output
    for x in result:
  File "C:\Users\PC\AppData\Local\Programs\Python\Python39\lib\site-packages\scrapy\core\spidermw.py", line 62, in _evaluate_iterable
    for r in iterable:
  File "C:\Users\PC\AppData\Local\Programs\Python\Python39\lib\site-packages\scrapy\spidermiddlewares\referer.py", line 340, in <genexpr>
    return (_set_referer(r) for r in result or ())
  File "C:\Users\PC\AppData\Local\Programs\Python\Python39\lib\site-packages\scrapy\core\spidermw.py", line 62, in _evaluate_iterable
    for r in iterable:
  File "C:\Users\PC\AppData\Local\Programs\Python\Python39\lib\site-packages\scrapy\spidermiddlewares\urllength.py", line 37, in <genexpr>
    return (r for r in result or () if _filter(r))
  File "C:\Users\PC\AppData\Local\Programs\Python\Python39\lib\site-packages\scrapy\core\spidermw.py", line 62, in _evaluate_iterable
    for r in iterable:
  File "C:\Users\PC\AppData\Local\Programs\Python\Python39\lib\site-packages\scrapy\spidermiddlewares\depth.py", line 58, in <genexpr>
    return (r for r in result or () if _filter(r))
  File "C:\Users\PC\AppData\Local\Programs\Python\Python39\lib\site-packages\scrapy\core\spidermw.py", line 62, in _evaluate_iterable
    for r in iterable:
  File "D:\ztx_clone\ztx_spider\spider_pro\spiders\ZJ_city_3316_zhuji_spider.py", line 251, in parse_item
    doc = etree.HTML(content)
  File "src\lxml\etree.pyx", line 3185, in lxml.etree.HTML
  File "src\lxml\parser.pxi", line 1895, in lxml.etree._parseMemoryDocument
ValueError: can only parse strings
2021-04-29 15:08:06 [scrapy.extensions.logstats] INFO: Crawled 27 pages (at 5 pages/min), scraped 0 items (at 0 items/min)
2021-04-29 15:43:00 [scrapy.core.scraper] ERROR: Spider error processing <GET http://www.zhuji.gov.cn/art/2021/4/27/art_1388402_59041515.html> (referer: http://www.zhuji.gov.cn/module/jpage/dataproxy.jsp?startrecord=1&endrecord=120&perpage=40)
Traceback (most recent call last):
  File "C:\Users\PC\AppData\Local\Programs\Python\Python39\lib\site-packages\scrapy\utils\defer.py", line 120, in iter_errback
    yield next(it)
  File "C:\Users\PC\AppData\Local\Programs\Python\Python39\lib\site-packages\scrapy\utils\python.py", line 353, in __next__
    return next(self.data)
  File "C:\Users\PC\AppData\Local\Programs\Python\Python39\lib\site-packages\scrapy\utils\python.py", line 353, in __next__
    return next(self.data)
  File "C:\Users\PC\AppData\Local\Programs\Python\Python39\lib\site-packages\scrapy\core\spidermw.py", line 62, in _evaluate_iterable
    for r in iterable:
  File "C:\Users\PC\AppData\Local\Programs\Python\Python39\lib\site-packages\scrapy\spidermiddlewares\offsite.py", line 29, in process_spider_output
    for x in result:
  File "C:\Users\PC\AppData\Local\Programs\Python\Python39\lib\site-packages\scrapy\core\spidermw.py", line 62, in _evaluate_iterable
    for r in iterable:
  File "C:\Users\PC\AppData\Local\Programs\Python\Python39\lib\site-packages\scrapy\spidermiddlewares\referer.py", line 340, in <genexpr>
    return (_set_referer(r) for r in result or ())
  File "C:\Users\PC\AppData\Local\Programs\Python\Python39\lib\site-packages\scrapy\core\spidermw.py", line 62, in _evaluate_iterable
    for r in iterable:
  File "C:\Users\PC\AppData\Local\Programs\Python\Python39\lib\site-packages\scrapy\spidermiddlewares\urllength.py", line 37, in <genexpr>
    return (r for r in result or () if _filter(r))
  File "C:\Users\PC\AppData\Local\Programs\Python\Python39\lib\site-packages\scrapy\core\spidermw.py", line 62, in _evaluate_iterable
    for r in iterable:
  File "C:\Users\PC\AppData\Local\Programs\Python\Python39\lib\site-packages\scrapy\spidermiddlewares\depth.py", line 58, in <genexpr>
    return (r for r in result or () if _filter(r))
  File "C:\Users\PC\AppData\Local\Programs\Python\Python39\lib\site-packages\scrapy\core\spidermw.py", line 62, in _evaluate_iterable
    for r in iterable:
  File "D:\ztx_clone\ztx_spider\spider_pro\spiders\ZJ_city_3316_zhuji_spider.py", line 251, in parse_item
    doc = etree.HTML(content)
  File "src\lxml\etree.pyx", line 3185, in lxml.etree.HTML
  File "src\lxml\parser.pxi", line 1895, in lxml.etree._parseMemoryDocument
ValueError: can only parse strings
2021-04-29 15:43:00 [scrapy.extensions.logstats] INFO: Crawled 28 pages (at 1 pages/min), scraped 0 items (at 0 items/min)
2021-04-29 15:44:42 [scrapy.utils.log] INFO: Scrapy 2.4.1 started (bot: spider_pro)
2021-04-29 15:44:42 [scrapy.utils.log] INFO: Versions: lxml 4.6.2.0, libxml2 2.9.5, cssselect 1.1.0, parsel 1.6.0, w3lib 1.22.0, Twisted 20.3.0, Python 3.9.1 (tags/v3.9.1:1e5d33e, Dec  7 2020, 17:08:21) [MSC v.1927 64 bit (AMD64)], pyOpenSSL 20.0.0 (OpenSSL 1.1.1i  8 Dec 2020), cryptography 3.3.1, Platform Windows-10-10.0.18362-SP0
2021-04-29 15:44:42 [scrapy.crawler] INFO: Overridden settings:
{'BOT_NAME': 'spider_pro',
 'CONCURRENT_REQUESTS': 32,
 'CONCURRENT_REQUESTS_PER_IP': 5,
 'DEPTH_PRIORITY': 1,
 'DOWNLOAD_DELAY': 2,
 'DOWNLOAD_TIMEOUT': 10,
 'LOG_FILE': 'D:\\ztx_clone\\ztx_spider\\spider_pro\\logs/info_2021_04_29.log',
 'LOG_LEVEL': 'INFO',
 'NEWSPIDER_MODULE': 'spider_pro.spiders',
 'REACTOR_THREADPOOL_MAXSIZE': 20,
 'RETRY_HTTP_CODES': [500, 502, 503, 504, 522, 524, 408, 400, 403, 404],
 'RETRY_TIMES': 3,
 'SCHEDULER_DISK_QUEUE': 'scrapy.squeues.PickleFifoDiskQueue',
 'SCHEDULER_MEMORY_QUEUE': 'scrapy.squeues.FifoMemoryQueue',
 'SPIDER_MODULES': ['spider_pro.spiders'],
 'TELNETCONSOLE_ENABLED': False}
2021-04-29 15:44:42 [scrapy.middleware] INFO: Enabled extensions:
['scrapy.extensions.corestats.CoreStats', 'scrapy.extensions.logstats.LogStats']
2021-04-29 15:44:43 [scrapy.middleware] INFO: Enabled downloader middlewares:
['spider_pro.middlewares.ProxyMiddleware.ProxyMiddleware',
 'scrapy.downloadermiddlewares.httpauth.HttpAuthMiddleware',
 'spider_pro.middlewares.UrlDuplicateRemovalMiddleware.UrlDuplicateRemovalMiddleware',
 'scrapy.downloadermiddlewares.downloadtimeout.DownloadTimeoutMiddleware',
 'scrapy.downloadermiddlewares.defaultheaders.DefaultHeadersMiddleware',
 'scrapy.downloadermiddlewares.useragent.UserAgentMiddleware',
 'spider_pro.middlewares.UserAgentMiddleware.UserAgentMiddleware',
 'scrapy.downloadermiddlewares.retry.RetryMiddleware',
 'scrapy.downloadermiddlewares.redirect.MetaRefreshMiddleware',
 'scrapy.downloadermiddlewares.httpcompression.HttpCompressionMiddleware',
 'scrapy.downloadermiddlewares.redirect.RedirectMiddleware',
 'scrapy.downloadermiddlewares.cookies.CookiesMiddleware',
 'scrapy.downloadermiddlewares.httpproxy.HttpProxyMiddleware',
 'scrapy.downloadermiddlewares.stats.DownloaderStats']
2021-04-29 15:44:43 [scrapy.middleware] INFO: Enabled spider middlewares:
['scrapy.spidermiddlewares.httperror.HttpErrorMiddleware',
 'scrapy.spidermiddlewares.offsite.OffsiteMiddleware',
 'scrapy.spidermiddlewares.referer.RefererMiddleware',
 'scrapy.spidermiddlewares.urllength.UrlLengthMiddleware',
 'scrapy.spidermiddlewares.depth.DepthMiddleware']
2021-04-29 15:44:44 [scrapy.middleware] INFO: Enabled item pipelines:
['spider_pro.pipelines.pipelines_file.FilePipeline',
 'spider_pro.pipelines.pipelines_clean.CleanPipeline',
 'spider_pro.pipelines.pipelines_mysql.MysqlPipeline']
2021-04-29 15:44:44 [scrapy.core.engine] INFO: Spider opened
2021-04-29 15:44:44 [scrapy.extensions.logstats] INFO: Crawled 0 pages (at 0 pages/min), scraped 0 items (at 0 items/min)
2021-04-29 15:44:45 [ZJ_city_3316_zhuji_spider] INFO: 初始总数提取成功 total=None response.url='http://www.zhuji.gov.cn/module/jpage/dataproxy.jsp?startrecord=%7B%7D&endrecord=%7B%7D&perpage=40' None
2021-04-29 15:44:45 [ZJ_city_3316_zhuji_spider] ERROR: 发起数据请求失败 int() argument must be a string, a bytes-like object or a number, not 'NoneType' response.url='http://www.zhuji.gov.cn/module/jpage/dataproxy.jsp?startrecord=%7B%7D&endrecord=%7B%7D&perpage=40'
2021-04-29 15:44:45 [scrapy.core.engine] INFO: Closing spider (finished)
2021-04-29 15:44:45 [scrapy.statscollectors] INFO: Dumping Scrapy stats:
{'downloader/request_bytes': 608,
 'downloader/request_count': 1,
 'downloader/request_method_count/POST': 1,
 'downloader/response_bytes': 408,
 'downloader/response_count': 1,
 'downloader/response_status_count/200': 1,
 'elapsed_time_seconds': 1.337423,
 'finish_reason': 'finished',
 'finish_time': datetime.datetime(2021, 4, 29, 7, 44, 45, 677437),
 'log_count/ERROR': 1,
 'log_count/INFO': 9,
 'response_received_count': 1,
 'scheduler/dequeued': 1,
 'scheduler/dequeued/memory': 1,
 'scheduler/enqueued': 1,
 'scheduler/enqueued/memory': 1,
 'start_time': datetime.datetime(2021, 4, 29, 7, 44, 44, 340014)}
2021-04-29 15:44:45 [scrapy.core.engine] INFO: Spider closed (finished)
2021-04-29 15:51:56 [scrapy.utils.log] INFO: Scrapy 2.4.1 started (bot: spider_pro)
2021-04-29 15:51:56 [scrapy.utils.log] INFO: Versions: lxml 4.6.2.0, libxml2 2.9.5, cssselect 1.1.0, parsel 1.6.0, w3lib 1.22.0, Twisted 20.3.0, Python 3.9.1 (tags/v3.9.1:1e5d33e, Dec  7 2020, 17:08:21) [MSC v.1927 64 bit (AMD64)], pyOpenSSL 20.0.0 (OpenSSL 1.1.1i  8 Dec 2020), cryptography 3.3.1, Platform Windows-10-10.0.18362-SP0
2021-04-29 15:51:56 [scrapy.crawler] INFO: Overridden settings:
{'BOT_NAME': 'spider_pro',
 'CONCURRENT_REQUESTS': 32,
 'CONCURRENT_REQUESTS_PER_IP': 5,
 'DEPTH_PRIORITY': 1,
 'DOWNLOAD_DELAY': 2,
 'DOWNLOAD_TIMEOUT': 10,
 'LOG_FILE': 'D:\\ztx_clone\\ztx_spider\\spider_pro\\logs/info_2021_04_29.log',
 'LOG_LEVEL': 'INFO',
 'NEWSPIDER_MODULE': 'spider_pro.spiders',
 'REACTOR_THREADPOOL_MAXSIZE': 20,
 'RETRY_HTTP_CODES': [500, 502, 503, 504, 522, 524, 408, 400, 403, 404],
 'RETRY_TIMES': 3,
 'SCHEDULER_DISK_QUEUE': 'scrapy.squeues.PickleFifoDiskQueue',
 'SCHEDULER_MEMORY_QUEUE': 'scrapy.squeues.FifoMemoryQueue',
 'SPIDER_MODULES': ['spider_pro.spiders'],
 'TELNETCONSOLE_ENABLED': False}
2021-04-29 15:51:56 [scrapy.middleware] INFO: Enabled extensions:
['scrapy.extensions.corestats.CoreStats', 'scrapy.extensions.logstats.LogStats']
2021-04-29 15:51:57 [scrapy.middleware] INFO: Enabled downloader middlewares:
['spider_pro.middlewares.ProxyMiddleware.ProxyMiddleware',
 'scrapy.downloadermiddlewares.httpauth.HttpAuthMiddleware',
 'spider_pro.middlewares.UrlDuplicateRemovalMiddleware.UrlDuplicateRemovalMiddleware',
 'scrapy.downloadermiddlewares.downloadtimeout.DownloadTimeoutMiddleware',
 'scrapy.downloadermiddlewares.defaultheaders.DefaultHeadersMiddleware',
 'scrapy.downloadermiddlewares.useragent.UserAgentMiddleware',
 'spider_pro.middlewares.UserAgentMiddleware.UserAgentMiddleware',
 'scrapy.downloadermiddlewares.retry.RetryMiddleware',
 'scrapy.downloadermiddlewares.redirect.MetaRefreshMiddleware',
 'scrapy.downloadermiddlewares.httpcompression.HttpCompressionMiddleware',
 'scrapy.downloadermiddlewares.redirect.RedirectMiddleware',
 'scrapy.downloadermiddlewares.cookies.CookiesMiddleware',
 'scrapy.downloadermiddlewares.httpproxy.HttpProxyMiddleware',
 'scrapy.downloadermiddlewares.stats.DownloaderStats']
2021-04-29 15:51:57 [scrapy.middleware] INFO: Enabled spider middlewares:
['scrapy.spidermiddlewares.httperror.HttpErrorMiddleware',
 'scrapy.spidermiddlewares.offsite.OffsiteMiddleware',
 'scrapy.spidermiddlewares.referer.RefererMiddleware',
 'scrapy.spidermiddlewares.urllength.UrlLengthMiddleware',
 'scrapy.spidermiddlewares.depth.DepthMiddleware']
2021-04-29 15:51:58 [scrapy.middleware] INFO: Enabled item pipelines:
['spider_pro.pipelines.pipelines_file.FilePipeline',
 'spider_pro.pipelines.pipelines_clean.CleanPipeline',
 'spider_pro.pipelines.pipelines_mysql.MysqlPipeline']
2021-04-29 15:51:58 [scrapy.core.engine] INFO: Spider opened
2021-04-29 15:51:58 [scrapy.extensions.logstats] INFO: Crawled 0 pages (at 0 pages/min), scraped 0 items (at 0 items/min)
2021-04-29 15:52:18 [ZJ_city_3316_zhuji_spider] INFO: 初始总数提取成功 total=None response.url='http://www.zhuji.gov.cn/module/jpage/dataproxy.jsp?startrecord=%7B%7D&endrecord=%7B%7D&perpage=40' None
2021-04-29 15:52:18 [ZJ_city_3316_zhuji_spider] ERROR: 发起数据请求失败 int() argument must be a string, a bytes-like object or a number, not 'NoneType' response.url='http://www.zhuji.gov.cn/module/jpage/dataproxy.jsp?startrecord=%7B%7D&endrecord=%7B%7D&perpage=40'
2021-04-29 15:52:18 [scrapy.core.engine] INFO: Closing spider (finished)
2021-04-29 15:52:18 [scrapy.statscollectors] INFO: Dumping Scrapy stats:
{'downloader/exception_count': 2,
 'downloader/exception_type_count/twisted.internet.error.TimeoutError': 2,
 'downloader/request_bytes': 1834,
 'downloader/request_count': 3,
 'downloader/request_method_count/POST': 3,
 'downloader/response_bytes': 408,
 'downloader/response_count': 1,
 'downloader/response_status_count/200': 1,
 'elapsed_time_seconds': 20.174054,
 'finish_reason': 'finished',
 'finish_time': datetime.datetime(2021, 4, 29, 7, 52, 18, 840787),
 'log_count/ERROR': 1,
 'log_count/INFO': 9,
 'response_received_count': 1,
 'retry/count': 2,
 'retry/reason_count/twisted.internet.error.TimeoutError': 2,
 'scheduler/dequeued': 3,
 'scheduler/dequeued/memory': 3,
 'scheduler/enqueued': 3,
 'scheduler/enqueued/memory': 3,
 'start_time': datetime.datetime(2021, 4, 29, 7, 51, 58, 666733)}
2021-04-29 15:52:18 [scrapy.core.engine] INFO: Spider closed (finished)
2021-04-29 15:54:44 [scrapy.utils.log] INFO: Scrapy 2.4.1 started (bot: spider_pro)
2021-04-29 15:54:44 [scrapy.utils.log] INFO: Versions: lxml 4.6.2.0, libxml2 2.9.5, cssselect 1.1.0, parsel 1.6.0, w3lib 1.22.0, Twisted 20.3.0, Python 3.9.1 (tags/v3.9.1:1e5d33e, Dec  7 2020, 17:08:21) [MSC v.1927 64 bit (AMD64)], pyOpenSSL 20.0.0 (OpenSSL 1.1.1i  8 Dec 2020), cryptography 3.3.1, Platform Windows-10-10.0.18362-SP0
2021-04-29 15:54:44 [scrapy.crawler] INFO: Overridden settings:
{'BOT_NAME': 'spider_pro',
 'CONCURRENT_REQUESTS': 32,
 'CONCURRENT_REQUESTS_PER_IP': 5,
 'DEPTH_PRIORITY': 1,
 'DOWNLOAD_DELAY': 2,
 'DOWNLOAD_TIMEOUT': 10,
 'LOG_FILE': 'D:\\ztx_clone\\ztx_spider\\spider_pro\\logs/info_2021_04_29.log',
 'LOG_LEVEL': 'INFO',
 'NEWSPIDER_MODULE': 'spider_pro.spiders',
 'REACTOR_THREADPOOL_MAXSIZE': 20,
 'RETRY_HTTP_CODES': [500, 502, 503, 504, 522, 524, 408, 400, 403, 404],
 'RETRY_TIMES': 3,
 'SCHEDULER_DISK_QUEUE': 'scrapy.squeues.PickleFifoDiskQueue',
 'SCHEDULER_MEMORY_QUEUE': 'scrapy.squeues.FifoMemoryQueue',
 'SPIDER_MODULES': ['spider_pro.spiders'],
 'TELNETCONSOLE_ENABLED': False}
2021-04-29 15:54:44 [scrapy.middleware] INFO: Enabled extensions:
['scrapy.extensions.corestats.CoreStats', 'scrapy.extensions.logstats.LogStats']
2021-04-29 15:54:46 [scrapy.utils.log] INFO: Scrapy 2.4.1 started (bot: spider_pro)
2021-04-29 15:54:46 [scrapy.utils.log] INFO: Versions: lxml 4.6.2.0, libxml2 2.9.5, cssselect 1.1.0, parsel 1.6.0, w3lib 1.22.0, Twisted 20.3.0, Python 3.9.1 (tags/v3.9.1:1e5d33e, Dec  7 2020, 17:08:21) [MSC v.1927 64 bit (AMD64)], pyOpenSSL 20.0.0 (OpenSSL 1.1.1i  8 Dec 2020), cryptography 3.3.1, Platform Windows-10-10.0.18362-SP0
2021-04-29 15:54:46 [scrapy.crawler] INFO: Overridden settings:
{'BOT_NAME': 'spider_pro',
 'CONCURRENT_REQUESTS': 32,
 'CONCURRENT_REQUESTS_PER_IP': 5,
 'DEPTH_PRIORITY': 1,
 'DOWNLOAD_DELAY': 2,
 'DOWNLOAD_TIMEOUT': 10,
 'LOG_FILE': 'D:\\ztx_clone\\ztx_spider\\spider_pro\\logs/info_2021_04_29.log',
 'LOG_LEVEL': 'INFO',
 'NEWSPIDER_MODULE': 'spider_pro.spiders',
 'REACTOR_THREADPOOL_MAXSIZE': 20,
 'RETRY_HTTP_CODES': [500, 502, 503, 504, 522, 524, 408, 400, 403, 404],
 'RETRY_TIMES': 3,
 'SCHEDULER_DISK_QUEUE': 'scrapy.squeues.PickleFifoDiskQueue',
 'SCHEDULER_MEMORY_QUEUE': 'scrapy.squeues.FifoMemoryQueue',
 'SPIDER_MODULES': ['spider_pro.spiders'],
 'TELNETCONSOLE_ENABLED': False}
2021-04-29 15:54:47 [scrapy.middleware] INFO: Enabled extensions:
['scrapy.extensions.corestats.CoreStats', 'scrapy.extensions.logstats.LogStats']
2021-04-29 15:54:47 [scrapy.middleware] INFO: Enabled downloader middlewares:
['spider_pro.middlewares.ProxyMiddleware.ProxyMiddleware',
 'scrapy.downloadermiddlewares.httpauth.HttpAuthMiddleware',
 'spider_pro.middlewares.UrlDuplicateRemovalMiddleware.UrlDuplicateRemovalMiddleware',
 'scrapy.downloadermiddlewares.downloadtimeout.DownloadTimeoutMiddleware',
 'scrapy.downloadermiddlewares.defaultheaders.DefaultHeadersMiddleware',
 'scrapy.downloadermiddlewares.useragent.UserAgentMiddleware',
 'spider_pro.middlewares.UserAgentMiddleware.UserAgentMiddleware',
 'scrapy.downloadermiddlewares.retry.RetryMiddleware',
 'scrapy.downloadermiddlewares.redirect.MetaRefreshMiddleware',
 'scrapy.downloadermiddlewares.httpcompression.HttpCompressionMiddleware',
 'scrapy.downloadermiddlewares.redirect.RedirectMiddleware',
 'scrapy.downloadermiddlewares.cookies.CookiesMiddleware',
 'scrapy.downloadermiddlewares.httpproxy.HttpProxyMiddleware',
 'scrapy.downloadermiddlewares.stats.DownloaderStats']
2021-04-29 15:54:47 [scrapy.middleware] INFO: Enabled spider middlewares:
['scrapy.spidermiddlewares.httperror.HttpErrorMiddleware',
 'scrapy.spidermiddlewares.offsite.OffsiteMiddleware',
 'scrapy.spidermiddlewares.referer.RefererMiddleware',
 'scrapy.spidermiddlewares.urllength.UrlLengthMiddleware',
 'scrapy.spidermiddlewares.depth.DepthMiddleware']
2021-04-29 15:54:48 [scrapy.middleware] INFO: Enabled item pipelines:
['spider_pro.pipelines.pipelines_file.FilePipeline',
 'spider_pro.pipelines.pipelines_clean.CleanPipeline',
 'spider_pro.pipelines.pipelines_mysql.MysqlPipeline']
2021-04-29 15:54:48 [scrapy.core.engine] INFO: Spider opened
2021-04-29 15:54:48 [scrapy.extensions.logstats] INFO: Crawled 0 pages (at 0 pages/min), scraped 0 items (at 0 items/min)
2021-04-29 15:54:51 [ZJ_city_3316_zhuji_spider] INFO: 初始总数提取成功 total=None response.url='http://www.zhuji.gov.cn/module/jpage/dataproxy.jsp?startrecord=%7B%7D&endrecord=%7B%7D&perpage=40' None
2021-04-29 15:54:52 [ZJ_city_3316_zhuji_spider] ERROR: 发起数据请求失败 parse_urlint() argument must be a string, a bytes-like object or a number, not 'NoneType' response.url='http://www.zhuji.gov.cn/module/jpage/dataproxy.jsp?startrecord=%7B%7D&endrecord=%7B%7D&perpage=40'
2021-04-29 15:54:52 [scrapy.core.engine] INFO: Closing spider (finished)
2021-04-29 15:54:52 [scrapy.statscollectors] INFO: Dumping Scrapy stats:
{'downloader/request_bytes': 566,
 'downloader/request_count': 1,
 'downloader/request_method_count/POST': 1,
 'downloader/response_bytes': 408,
 'downloader/response_count': 1,
 'downloader/response_status_count/200': 1,
 'elapsed_time_seconds': 3.760943,
 'finish_reason': 'finished',
 'finish_time': datetime.datetime(2021, 4, 29, 7, 54, 52, 282390),
 'log_count/ERROR': 1,
 'log_count/INFO': 9,
 'response_received_count': 1,
 'scheduler/dequeued': 1,
 'scheduler/dequeued/memory': 1,
 'scheduler/enqueued': 1,
 'scheduler/enqueued/memory': 1,
 'start_time': datetime.datetime(2021, 4, 29, 7, 54, 48, 521447)}
2021-04-29 15:54:52 [scrapy.core.engine] INFO: Spider closed (finished)
2021-04-29 15:54:59 [scrapy.utils.log] INFO: Scrapy 2.4.1 started (bot: spider_pro)
2021-04-29 15:54:59 [scrapy.utils.log] INFO: Versions: lxml 4.6.2.0, libxml2 2.9.5, cssselect 1.1.0, parsel 1.6.0, w3lib 1.22.0, Twisted 20.3.0, Python 3.9.1 (tags/v3.9.1:1e5d33e, Dec  7 2020, 17:08:21) [MSC v.1927 64 bit (AMD64)], pyOpenSSL 20.0.0 (OpenSSL 1.1.1i  8 Dec 2020), cryptography 3.3.1, Platform Windows-10-10.0.18362-SP0
2021-04-29 15:54:59 [scrapy.crawler] INFO: Overridden settings:
{'BOT_NAME': 'spider_pro',
 'CONCURRENT_REQUESTS': 32,
 'CONCURRENT_REQUESTS_PER_IP': 5,
 'DEPTH_PRIORITY': 1,
 'DOWNLOAD_DELAY': 2,
 'DOWNLOAD_TIMEOUT': 10,
 'LOG_FILE': 'D:\\ztx_clone\\ztx_spider\\spider_pro\\logs/info_2021_04_29.log',
 'LOG_LEVEL': 'INFO',
 'NEWSPIDER_MODULE': 'spider_pro.spiders',
 'REACTOR_THREADPOOL_MAXSIZE': 20,
 'RETRY_HTTP_CODES': [500, 502, 503, 504, 522, 524, 408, 400, 403, 404],
 'RETRY_TIMES': 3,
 'SCHEDULER_DISK_QUEUE': 'scrapy.squeues.PickleFifoDiskQueue',
 'SCHEDULER_MEMORY_QUEUE': 'scrapy.squeues.FifoMemoryQueue',
 'SPIDER_MODULES': ['spider_pro.spiders'],
 'TELNETCONSOLE_ENABLED': False}
2021-04-29 15:54:59 [scrapy.middleware] INFO: Enabled extensions:
['scrapy.extensions.corestats.CoreStats', 'scrapy.extensions.logstats.LogStats']
2021-04-29 15:55:00 [scrapy.middleware] INFO: Enabled downloader middlewares:
['spider_pro.middlewares.ProxyMiddleware.ProxyMiddleware',
 'scrapy.downloadermiddlewares.httpauth.HttpAuthMiddleware',
 'spider_pro.middlewares.UrlDuplicateRemovalMiddleware.UrlDuplicateRemovalMiddleware',
 'scrapy.downloadermiddlewares.downloadtimeout.DownloadTimeoutMiddleware',
 'scrapy.downloadermiddlewares.defaultheaders.DefaultHeadersMiddleware',
 'scrapy.downloadermiddlewares.useragent.UserAgentMiddleware',
 'spider_pro.middlewares.UserAgentMiddleware.UserAgentMiddleware',
 'scrapy.downloadermiddlewares.retry.RetryMiddleware',
 'scrapy.downloadermiddlewares.redirect.MetaRefreshMiddleware',
 'scrapy.downloadermiddlewares.httpcompression.HttpCompressionMiddleware',
 'scrapy.downloadermiddlewares.redirect.RedirectMiddleware',
 'scrapy.downloadermiddlewares.cookies.CookiesMiddleware',
 'scrapy.downloadermiddlewares.httpproxy.HttpProxyMiddleware',
 'scrapy.downloadermiddlewares.stats.DownloaderStats']
2021-04-29 15:55:00 [scrapy.middleware] INFO: Enabled spider middlewares:
['scrapy.spidermiddlewares.httperror.HttpErrorMiddleware',
 'scrapy.spidermiddlewares.offsite.OffsiteMiddleware',
 'scrapy.spidermiddlewares.referer.RefererMiddleware',
 'scrapy.spidermiddlewares.urllength.UrlLengthMiddleware',
 'scrapy.spidermiddlewares.depth.DepthMiddleware']
2021-04-29 15:55:01 [scrapy.middleware] INFO: Enabled item pipelines:
['spider_pro.pipelines.pipelines_file.FilePipeline',
 'spider_pro.pipelines.pipelines_clean.CleanPipeline',
 'spider_pro.pipelines.pipelines_mysql.MysqlPipeline']
2021-04-29 15:55:01 [scrapy.core.engine] INFO: Spider opened
2021-04-29 15:55:01 [scrapy.extensions.logstats] INFO: Crawled 0 pages (at 0 pages/min), scraped 0 items (at 0 items/min)
2021-04-29 15:55:06 [ZJ_city_3316_zhuji_spider] INFO: 初始总数提取成功 total=None response.url='http://www.zhuji.gov.cn/module/jpage/dataproxy.jsp?startrecord=%7B%7D&endrecord=%7B%7D&perpage=40' None
2021-04-29 15:59:13 [scrapy.utils.log] INFO: Scrapy 2.4.1 started (bot: spider_pro)
2021-04-29 15:59:13 [scrapy.utils.log] INFO: Versions: lxml 4.6.2.0, libxml2 2.9.5, cssselect 1.1.0, parsel 1.6.0, w3lib 1.22.0, Twisted 20.3.0, Python 3.9.1 (tags/v3.9.1:1e5d33e, Dec  7 2020, 17:08:21) [MSC v.1927 64 bit (AMD64)], pyOpenSSL 20.0.0 (OpenSSL 1.1.1i  8 Dec 2020), cryptography 3.3.1, Platform Windows-10-10.0.18362-SP0
2021-04-29 15:59:13 [scrapy.crawler] INFO: Overridden settings:
{'BOT_NAME': 'spider_pro',
 'CONCURRENT_REQUESTS': 32,
 'CONCURRENT_REQUESTS_PER_IP': 5,
 'DEPTH_PRIORITY': 1,
 'DOWNLOAD_DELAY': 2,
 'DOWNLOAD_TIMEOUT': 10,
 'LOG_FILE': 'D:\\ztx_clone\\ztx_spider\\spider_pro\\logs/info_2021_04_29.log',
 'LOG_LEVEL': 'INFO',
 'NEWSPIDER_MODULE': 'spider_pro.spiders',
 'REACTOR_THREADPOOL_MAXSIZE': 20,
 'RETRY_HTTP_CODES': [500, 502, 503, 504, 522, 524, 408, 400, 403, 404],
 'RETRY_TIMES': 3,
 'SCHEDULER_DISK_QUEUE': 'scrapy.squeues.PickleFifoDiskQueue',
 'SCHEDULER_MEMORY_QUEUE': 'scrapy.squeues.FifoMemoryQueue',
 'SPIDER_MODULES': ['spider_pro.spiders'],
 'TELNETCONSOLE_ENABLED': False}
2021-04-29 15:59:13 [scrapy.middleware] INFO: Enabled extensions:
['scrapy.extensions.corestats.CoreStats', 'scrapy.extensions.logstats.LogStats']
2021-04-29 15:59:14 [scrapy.middleware] INFO: Enabled downloader middlewares:
['spider_pro.middlewares.ProxyMiddleware.ProxyMiddleware',
 'scrapy.downloadermiddlewares.httpauth.HttpAuthMiddleware',
 'spider_pro.middlewares.UrlDuplicateRemovalMiddleware.UrlDuplicateRemovalMiddleware',
 'scrapy.downloadermiddlewares.downloadtimeout.DownloadTimeoutMiddleware',
 'scrapy.downloadermiddlewares.defaultheaders.DefaultHeadersMiddleware',
 'scrapy.downloadermiddlewares.useragent.UserAgentMiddleware',
 'spider_pro.middlewares.UserAgentMiddleware.UserAgentMiddleware',
 'scrapy.downloadermiddlewares.retry.RetryMiddleware',
 'scrapy.downloadermiddlewares.redirect.MetaRefreshMiddleware',
 'scrapy.downloadermiddlewares.httpcompression.HttpCompressionMiddleware',
 'scrapy.downloadermiddlewares.redirect.RedirectMiddleware',
 'scrapy.downloadermiddlewares.cookies.CookiesMiddleware',
 'scrapy.downloadermiddlewares.httpproxy.HttpProxyMiddleware',
 'scrapy.downloadermiddlewares.stats.DownloaderStats']
2021-04-29 15:59:14 [scrapy.middleware] INFO: Enabled spider middlewares:
['scrapy.spidermiddlewares.httperror.HttpErrorMiddleware',
 'scrapy.spidermiddlewares.offsite.OffsiteMiddleware',
 'scrapy.spidermiddlewares.referer.RefererMiddleware',
 'scrapy.spidermiddlewares.urllength.UrlLengthMiddleware',
 'scrapy.spidermiddlewares.depth.DepthMiddleware']
2021-04-29 15:59:15 [scrapy.middleware] INFO: Enabled item pipelines:
['spider_pro.pipelines.pipelines_file.FilePipeline',
 'spider_pro.pipelines.pipelines_clean.CleanPipeline',
 'spider_pro.pipelines.pipelines_mysql.MysqlPipeline']
2021-04-29 15:59:15 [scrapy.core.engine] INFO: Spider opened
2021-04-29 15:59:15 [scrapy.extensions.logstats] INFO: Crawled 0 pages (at 0 pages/min), scraped 0 items (at 0 items/min)
2021-04-29 16:01:14 [ZJ_city_3316_zhuji_spider] INFO: 初始总数提取成功 total='2915' response.url='http://www.zhuji.gov.cn/module/jpage/dataproxy.jsp?startrecord=%7B%7D&endrecord=%7B%7D&perpage=40' None
2021-04-29 16:01:20 [scrapy.extensions.logstats] INFO: Crawled 1 pages (at 1 pages/min), scraped 0 items (at 0 items/min)
2021-04-29 16:02:15 [scrapy.extensions.logstats] INFO: Crawled 21 pages (at 20 pages/min), scraped 0 items (at 0 items/min)
2021-04-29 16:11:18 [scrapy.core.scraper] ERROR: Spider error processing <GET http://www.zhuji.gov.cn/art/2021/4/28/art_1388402_59041638.html> (referer: http://www.zhuji.gov.cn/module/jpage/dataproxy.jsp?startrecord=1&endrecord=120&perpage=40)
Traceback (most recent call last):
  File "C:\Users\PC\AppData\Local\Programs\Python\Python39\lib\site-packages\scrapy\utils\defer.py", line 120, in iter_errback
    yield next(it)
  File "C:\Users\PC\AppData\Local\Programs\Python\Python39\lib\site-packages\scrapy\utils\python.py", line 353, in __next__
    return next(self.data)
  File "C:\Users\PC\AppData\Local\Programs\Python\Python39\lib\site-packages\scrapy\utils\python.py", line 353, in __next__
    return next(self.data)
  File "C:\Users\PC\AppData\Local\Programs\Python\Python39\lib\site-packages\scrapy\core\spidermw.py", line 62, in _evaluate_iterable
    for r in iterable:
  File "C:\Users\PC\AppData\Local\Programs\Python\Python39\lib\site-packages\scrapy\spidermiddlewares\offsite.py", line 29, in process_spider_output
    for x in result:
  File "C:\Users\PC\AppData\Local\Programs\Python\Python39\lib\site-packages\scrapy\core\spidermw.py", line 62, in _evaluate_iterable
    for r in iterable:
  File "C:\Users\PC\AppData\Local\Programs\Python\Python39\lib\site-packages\scrapy\spidermiddlewares\referer.py", line 340, in <genexpr>
    return (_set_referer(r) for r in result or ())
  File "C:\Users\PC\AppData\Local\Programs\Python\Python39\lib\site-packages\scrapy\core\spidermw.py", line 62, in _evaluate_iterable
    for r in iterable:
  File "C:\Users\PC\AppData\Local\Programs\Python\Python39\lib\site-packages\scrapy\spidermiddlewares\urllength.py", line 37, in <genexpr>
    return (r for r in result or () if _filter(r))
  File "C:\Users\PC\AppData\Local\Programs\Python\Python39\lib\site-packages\scrapy\core\spidermw.py", line 62, in _evaluate_iterable
    for r in iterable:
  File "C:\Users\PC\AppData\Local\Programs\Python\Python39\lib\site-packages\scrapy\spidermiddlewares\depth.py", line 58, in <genexpr>
    return (r for r in result or () if _filter(r))
  File "C:\Users\PC\AppData\Local\Programs\Python\Python39\lib\site-packages\scrapy\core\spidermw.py", line 62, in _evaluate_iterable
    for r in iterable:
  File "D:\ztx_clone\ztx_spider\spider_pro\spiders\ZJ_city_3316_zhuji_spider.py", line 252, in parse_item
    riqi = doc.xpath('//div[@class="main-fl-riqi"]')[1]
IndexError: list index out of range
2021-04-29 16:11:18 [scrapy.extensions.logstats] INFO: Crawled 27 pages (at 6 pages/min), scraped 0 items (at 0 items/min)
